<?xml version="1.0" encoding="UTF-8"?>
<beans xmlns="http://www.springframework.org/schema/beans"
   xmlns:xsi="http://www.w3.org/2001/XMLSchema-instance"
   xmlns:mvc="http://www.springframework.org/schema/mvc"
   xsi:schemaLocation="
      http://www.springframework.org/schema/beans http://www.springframework.org/schema/beans/spring-beans-3.0.xsd
      http://www.springframework.org/schema/mvc http://www.springframework.org/schema/mvc/spring-mvc-3.0.xsd">

   <!-- Configures support for @Controllers -->
   <mvc:annotation-driven />

   <!--  We don't allow anything to be cached -->
   <!--  TODO: Some content would be OK to cache, but that's a lot more work -->
   <mvc:interceptors>
       <bean id="webContentInterceptor" class="com.vmware.appfactory.common.AfWebHandlerInterceptor">
           <property name="cacheSeconds" value="0"/>
           <property name="useExpiresHeader" value="true"/>
           <property name="useCacheControlHeader" value="true"/>
           <property name="useCacheControlNoStore" value="true"/>
       </bean>
   </mvc:interceptors>

   <bean id="velocityConfig" class="org.springframework.web.servlet.view.velocity.VelocityConfigurer">
      <property name="resourceLoaderPath" value="/WEB-INF/views/" />
      <property name="velocityProperties">
         <props>
            <prop key="directive.foreach.counter.initial.value">0</prop>
         </props>
      </property>
   </bean>

   <bean id="viewResolver" class="org.springframework.web.servlet.view.velocity.VelocityViewResolver">
      <property name="cache" value="true" />
      <property name="prefix" value="" />
      <property name="suffix" value=".vm" />
      <property name="exposeSpringMacroHelpers" value="true"/>
   </bean>


   <!--  Set max file size that can be uploaded -->
   <bean id="multipartResolver"
         class="com.vmware.appfactory.file.upload.CustomMultipartResolverWithProgress">
      <property name="maxUploadSize" value="#{1024.0 * 1024.0 * 8192.0}"/> <!-- 1GB(8589934592-bytes)  #{1024.0 * 1024.0 * 8192.0} -->
      <!--  Increasing maxInMemorySize makes uploads faster, & eats JVM memory -->
      <property name="maxInMemorySize" value="#{1024.0 * 8192.0}"/> <!-- 1MB(8388608-bytes) #{1024 * 8192} -->
   </bean>

</beans>
